<?xml version="1.0" encoding="UTF-8"?>
<!-- Generated by org.testng.reporters.JUnitReportReporter -->
<testsuite hostname="DESKTOP-9EMFVHM" failures="0" tests="1" name="conceptsmaven.Mavenprojet.Handlinginput" time="7.206" errors="0" timestamp="2020-02-05T23:08:35 EST" skipped="0">
  <testcase classname="conceptsmaven.Mavenprojet.Handlinginput" name="handlinginp" time="7.206"/>
</testsuite> <!-- conceptsmaven.Mavenprojet.Handlinginput -->
