<?xml version="1.0" encoding="UTF-8"?>
<!-- Generated by org.testng.reporters.JUnitReportReporter -->
<testsuite hostname="DESKTOP-9EMFVHM" failures="0" tests="1" name="conceptsmaven.Mavenprojet.PropertiesConcept" time="0.016" errors="0" timestamp="2020-02-10T01:17:39 EST" skipped="0">
  <testcase classname="conceptsmaven.Mavenprojet.PropertiesConcept" name="login" time="0.016"/>
</testsuite> <!-- conceptsmaven.Mavenprojet.PropertiesConcept -->
