<?xml version="1.0" encoding="UTF-8"?>
<!-- Generated by org.testng.reporters.JUnitReportReporter -->
<testsuite hostname="DESKTOP-9EMFVHM" failures="0" tests="1" name="conceptsmaven.Mavenprojet.Alerthandling" time="8.319" errors="0" timestamp="2020-02-06T23:14:10 EST" skipped="0">
  <testcase classname="conceptsmaven.Mavenprojet.Alerthandling" name="alerthandle" time="8.319"/>
</testsuite> <!-- conceptsmaven.Mavenprojet.Alerthandling -->
