<?xml version="1.0" encoding="UTF-8"?>
<!-- Generated by org.testng.reporters.JUnitReportReporter -->
<testsuite hostname="DESKTOP-9EMFVHM" failures="0" tests="1" name="conceptsmaven.Mavenprojet.App" time="9.680" errors="0" timestamp="2020-02-03T16:44:21 EST" skipped="0">
  <testcase classname="conceptsmaven.Mavenprojet.App" name="appcon" time="9.680"/>
</testsuite> <!-- conceptsmaven.Mavenprojet.App -->
