<?xml version="1.0" encoding="UTF-8"?>
<!-- Generated by org.testng.reporters.JUnitReportReporter -->
<testsuite hostname="DESKTOP-9EMFVHM" failures="0" tests="1" name="conceptsmaven.Mavenprojet.allstatehome" time="23.664" errors="0" timestamp="2020-02-21T21:27:37 EST" skipped="0">
  <testcase classname="conceptsmaven.Mavenprojet.allstatehome" name="home" time="23.664"/>
</testsuite> <!-- conceptsmaven.Mavenprojet.allstatehome -->
