<?xml version="1.0" encoding="UTF-8"?>
<!-- Generated by org.testng.reporters.JUnitReportReporter -->
<testsuite hostname="DESKTOP-9EMFVHM" failures="0" tests="1" name="conceptsmaven.Mavenprojet.Selectby" time="9.711" errors="0" timestamp="2020-02-06T00:03:07 EST" skipped="0">
  <testcase classname="conceptsmaven.Mavenprojet.Selectby" name="linksnumber" time="9.711"/>
</testsuite> <!-- conceptsmaven.Mavenprojet.Selectby -->
