<?xml version="1.0" encoding="UTF-8"?>
<!-- Generated by org.testng.reporters.JUnitReportReporter -->
<testsuite hostname="DESKTOP-9EMFVHM" failures="0" tests="1" name="conceptsmaven.Mavenprojet.Practice" time="13.778" errors="0" timestamp="2020-02-27T00:11:03 EST" skipped="0">
  <testcase classname="conceptsmaven.Mavenprojet.Practice" name="alerty" time="13.778"/>
</testsuite> <!-- conceptsmaven.Mavenprojet.Practice -->
