<?xml version="1.0" encoding="UTF-8"?>
<!-- Generated by org.testng.reporters.JUnitReportReporter -->
<testsuite hostname="DESKTOP-9EMFVHM" failures="0" tests="1" name="com.allstate.qa.testcases.PostalCodeVerificationtestcase" time="13.590" errors="0" timestamp="2020-03-19T02:22:16 EDT" skipped="0">
  <testcase classname="com.allstate.qa.testcases.PostalCodeVerificationtestcase" name="PostalPageVerification" time="13.590"/>
</testsuite> <!-- com.allstate.qa.testcases.PostalCodeVerificationtestcase -->
