<?xml version="1.0" encoding="UTF-8"?>
<!-- Generated by org.testng.reporters.JUnitReportReporter -->
<testsuite hostname="DESKTOP-9EMFVHM" failures="0" tests="1" name="conceptsmaven.Mavenprojet.draganddrop" time="6.710" errors="0" timestamp="2020-02-08T14:59:23 EST" skipped="0">
  <testcase classname="conceptsmaven.Mavenprojet.draganddrop" name="dragg" time="6.710"/>
</testsuite> <!-- conceptsmaven.Mavenprojet.draganddrop -->
