<?xml version="1.0" encoding="UTF-8"?>
<!-- Generated by org.testng.reporters.JUnitReportReporter -->
<testsuite hostname="DESKTOP-9EMFVHM" failures="0" tests="1" name="conceptsmaven.Mavenprojet.tables" time="9.868" errors="0" timestamp="2020-02-07T01:27:47 EST" skipped="0">
  <testcase classname="conceptsmaven.Mavenprojet.tables" name="linksnumber" time="9.868"/>
</testsuite> <!-- conceptsmaven.Mavenprojet.tables -->
