<?xml version="1.0" encoding="UTF-8"?>
<!-- Generated by org.testng.reporters.JUnitReportReporter -->
<testsuite hostname="DESKTOP-9EMFVHM" failures="0" tests="2" name="conceptsmaven.Mavenprojet.DataProviders" time="0.013" errors="0" timestamp="2020-02-10T01:17:21 EST" skipped="0">
  <testcase classname="conceptsmaven.Mavenprojet.DataProviders" name="login" time="0.002"/>
  <testcase classname="conceptsmaven.Mavenprojet.DataProviders" name="login" time="0.011"/>
</testsuite> <!-- conceptsmaven.Mavenprojet.DataProviders -->
